{"/Users/ryan/boot_dev/ts_pokedex/src/command_exit.ts": {"path":"/Users/ryan/boot_dev/ts_pokedex/src/command_exit.ts","all":false,"statementMap":{"2":{"start":{"line":3,"column":0},"end":{"line":3,"column":53}},"3":{"start":{"line":4,"column":0},"end":{"line":4,"column":49}},"4":{"start":{"line":5,"column":0},"end":{"line":5,"column":23}},"5":{"start":{"line":6,"column":0},"end":{"line":6,"column":18}},"6":{"start":{"line":7,"column":0},"end":{"line":7,"column":1}}},"s":{"2":0,"3":0,"4":0,"5":0,"6":0},"branchMap":{},"b":{},"fnMap":{"0":{"name":"commandExit","decl":{"start":{"line":3,"column":0},"end":{"line":7,"column":1}},"loc":{"start":{"line":3,"column":0},"end":{"line":7,"column":1}},"line":3}},"f":{"0":0}}
,"/Users/ryan/boot_dev/ts_pokedex/src/command_help.ts": {"path":"/Users/ryan/boot_dev/ts_pokedex/src/command_help.ts","all":false,"statementMap":{"2":{"start":{"line":3,"column":0},"end":{"line":3,"column":53}},"4":{"start":{"line":5,"column":0},"end":{"line":5,"column":41}},"5":{"start":{"line":6,"column":0},"end":{"line":6,"column":26}},"6":{"start":{"line":7,"column":0},"end":{"line":7,"column":65}},"7":{"start":{"line":8,"column":0},"end":{"line":8,"column":47}},"8":{"start":{"line":9,"column":0},"end":{"line":9,"column":3}},"9":{"start":{"line":10,"column":0},"end":{"line":10,"column":1}}},"s":{"2":0,"4":0,"5":0,"6":0,"7":0,"8":0,"9":0},"branchMap":{},"b":{},"fnMap":{"0":{"name":"commandHelp","decl":{"start":{"line":3,"column":0},"end":{"line":10,"column":1}},"loc":{"start":{"line":3,"column":0},"end":{"line":10,"column":1}},"line":3}},"f":{"0":0}}
,"/Users/ryan/boot_dev/ts_pokedex/src/command_map.ts": {"path":"/Users/ryan/boot_dev/ts_pokedex/src/command_map.ts","all":false,"statementMap":{"2":{"start":{"line":3,"column":0},"end":{"line":3,"column":63}},"3":{"start":{"line":4,"column":0},"end":{"line":4,"column":7}},"4":{"start":{"line":5,"column":0},"end":{"line":5,"column":72}},"5":{"start":{"line":6,"column":0},"end":{"line":6,"column":35}},"6":{"start":{"line":7,"column":0},"end":{"line":7,"column":39}},"7":{"start":{"line":8,"column":0},"end":{"line":8,"column":42}},"9":{"start":{"line":10,"column":0},"end":{"line":10,"column":43}},"10":{"start":{"line":11,"column":0},"end":{"line":11,"column":43}},"11":{"start":{"line":12,"column":0},"end":{"line":12,"column":7}},"13":{"start":{"line":14,"column":0},"end":{"line":14,"column":50}},"14":{"start":{"line":15,"column":0},"end":{"line":15,"column":56}},"15":{"start":{"line":16,"column":0},"end":{"line":16,"column":17}},"16":{"start":{"line":17,"column":0},"end":{"line":17,"column":52}},"17":{"start":{"line":18,"column":0},"end":{"line":18,"column":3}},"18":{"start":{"line":19,"column":0},"end":{"line":19,"column":1}},"20":{"start":{"line":21,"column":0},"end":{"line":21,"column":67}},"21":{"start":{"line":22,"column":0},"end":{"line":22,"column":7}},"22":{"start":{"line":23,"column":0},"end":{"line":23,"column":25}},"23":{"start":{"line":24,"column":0},"end":{"line":24,"column":65}},"24":{"start":{"line":25,"column":0},"end":{"line":25,"column":5}},"26":{"start":{"line":27,"column":0},"end":{"line":27,"column":72}},"28":{"start":{"line":29,"column":0},"end":{"line":29,"column":35}},"29":{"start":{"line":30,"column":0},"end":{"line":30,"column":39}},"31":{"start":{"line":32,"column":0},"end":{"line":32,"column":43}},"32":{"start":{"line":33,"column":0},"end":{"line":33,"column":43}},"33":{"start":{"line":34,"column":0},"end":{"line":34,"column":7}},"35":{"start":{"line":36,"column":0},"end":{"line":36,"column":50}},"36":{"start":{"line":37,"column":0},"end":{"line":37,"column":56}},"37":{"start":{"line":38,"column":0},"end":{"line":38,"column":17}},"38":{"start":{"line":39,"column":0},"end":{"line":39,"column":61}},"39":{"start":{"line":40,"column":0},"end":{"line":40,"column":3}},"40":{"start":{"line":41,"column":0},"end":{"line":41,"column":1}}},"s":{"2":3,"3":3,"4":3,"5":3,"6":3,"7":3,"9":3,"10":3,"11":3,"13":3,"14":3,"15":3,"16":0,"17":0,"18":3,"20":1,"21":1,"22":1,"23":0,"24":0,"26":1,"28":1,"29":1,"31":1,"32":1,"33":1,"35":1,"36":1,"37":1,"38":0,"39":0,"40":1},"branchMap":{"0":{"type":"branch","line":3,"loc":{"start":{"line":3,"column":0},"end":{"line":19,"column":1}},"locations":[{"start":{"line":3,"column":0},"end":{"line":19,"column":1}}]},"1":{"type":"branch","line":16,"loc":{"start":{"line":16,"column":2},"end":{"line":18,"column":3}},"locations":[{"start":{"line":16,"column":2},"end":{"line":18,"column":3}}]},"2":{"type":"branch","line":10,"loc":{"start":{"line":10,"column":30},"end":{"line":12,"column":5}},"locations":[{"start":{"line":10,"column":30},"end":{"line":12,"column":5}}]},"3":{"type":"branch","line":21,"loc":{"start":{"line":21,"column":0},"end":{"line":41,"column":1}},"locations":[{"start":{"line":21,"column":0},"end":{"line":41,"column":1}}]},"4":{"type":"branch","line":23,"loc":{"start":{"line":23,"column":24},"end":{"line":25,"column":5}},"locations":[{"start":{"line":23,"column":24},"end":{"line":25,"column":5}}]},"5":{"type":"branch","line":38,"loc":{"start":{"line":38,"column":2},"end":{"line":40,"column":3}},"locations":[{"start":{"line":38,"column":2},"end":{"line":40,"column":3}}]},"6":{"type":"branch","line":32,"loc":{"start":{"line":32,"column":30},"end":{"line":34,"column":5}},"locations":[{"start":{"line":32,"column":30},"end":{"line":34,"column":5}}]}},"b":{"0":[3],"1":[0],"2":[3],"3":[1],"4":[0],"5":[0],"6":[1]},"fnMap":{"0":{"name":"commandMap","decl":{"start":{"line":3,"column":0},"end":{"line":19,"column":1}},"loc":{"start":{"line":3,"column":0},"end":{"line":19,"column":1}},"line":3},"1":{"name":"commandMapBack","decl":{"start":{"line":21,"column":0},"end":{"line":41,"column":1}},"loc":{"start":{"line":21,"column":0},"end":{"line":41,"column":1}},"line":21}},"f":{"0":3,"1":1}}
,"/Users/ryan/boot_dev/ts_pokedex/src/commands.ts": {"path":"/Users/ryan/boot_dev/ts_pokedex/src/commands.ts","all":false,"statementMap":{"0":{"start":{"line":1,"column":0},"end":{"line":1,"column":48}},"1":{"start":{"line":2,"column":0},"end":{"line":2,"column":48}},"2":{"start":{"line":3,"column":0},"end":{"line":3,"column":62}},"6":{"start":{"line":7,"column":0},"end":{"line":7,"column":59}},"7":{"start":{"line":8,"column":0},"end":{"line":8,"column":10}},"8":{"start":{"line":9,"column":0},"end":{"line":9,"column":11}},"9":{"start":{"line":10,"column":0},"end":{"line":10,"column":19}},"10":{"start":{"line":11,"column":0},"end":{"line":11,"column":39}},"11":{"start":{"line":12,"column":0},"end":{"line":12,"column":28}},"12":{"start":{"line":13,"column":0},"end":{"line":13,"column":6}},"13":{"start":{"line":14,"column":0},"end":{"line":14,"column":11}},"14":{"start":{"line":15,"column":0},"end":{"line":15,"column":19}},"15":{"start":{"line":16,"column":0},"end":{"line":16,"column":45}},"16":{"start":{"line":17,"column":0},"end":{"line":17,"column":28}},"17":{"start":{"line":18,"column":0},"end":{"line":18,"column":6}},"18":{"start":{"line":19,"column":0},"end":{"line":19,"column":10}},"19":{"start":{"line":20,"column":0},"end":{"line":20,"column":18}},"20":{"start":{"line":21,"column":0},"end":{"line":21,"column":50}},"21":{"start":{"line":22,"column":0},"end":{"line":22,"column":27}},"22":{"start":{"line":23,"column":0},"end":{"line":23,"column":6}},"23":{"start":{"line":24,"column":0},"end":{"line":24,"column":11}},"24":{"start":{"line":25,"column":0},"end":{"line":25,"column":19}},"25":{"start":{"line":26,"column":0},"end":{"line":26,"column":63}},"26":{"start":{"line":27,"column":0},"end":{"line":27,"column":31}},"27":{"start":{"line":28,"column":0},"end":{"line":28,"column":6}},"29":{"start":{"line":30,"column":0},"end":{"line":30,"column":4}},"30":{"start":{"line":31,"column":0},"end":{"line":31,"column":1}}},"s":{"0":1,"1":1,"2":1,"6":1,"7":1,"8":1,"9":1,"10":1,"11":1,"12":1,"13":1,"14":1,"15":1,"16":1,"17":1,"18":1,"19":1,"20":1,"21":1,"22":1,"23":1,"24":1,"25":1,"26":1,"27":1,"29":1,"30":1},"branchMap":{"0":{"type":"branch","line":7,"loc":{"start":{"line":7,"column":7},"end":{"line":31,"column":1}},"locations":[{"start":{"line":7,"column":7},"end":{"line":31,"column":1}}]}},"b":{"0":[1]},"fnMap":{"0":{"name":"getCommands","decl":{"start":{"line":7,"column":7},"end":{"line":31,"column":1}},"loc":{"start":{"line":7,"column":7},"end":{"line":31,"column":1}},"line":7}},"f":{"0":1}}
,"/Users/ryan/boot_dev/ts_pokedex/src/main.ts": {"path":"/Users/ryan/boot_dev/ts_pokedex/src/main.ts","all":true,"statementMap":{"1":{"start":{"line":2,"column":0},"end":{"line":2,"column":38}},"3":{"start":{"line":4,"column":0},"end":{"line":4,"column":17}},"4":{"start":{"line":5,"column":0},"end":{"line":5,"column":14}},"5":{"start":{"line":6,"column":0},"end":{"line":6,"column":1}},"7":{"start":{"line":8,"column":0},"end":{"line":8,"column":7}}},"s":{"1":0,"3":0,"4":0,"5":0,"7":0},"branchMap":{"0":{"type":"branch","line":1,"loc":{"start":{"line":1,"column":38},"end":{"line":8,"column":-20}},"locations":[{"start":{"line":1,"column":38},"end":{"line":8,"column":-20}}]}},"b":{"0":[1]},"fnMap":{"0":{"name":"(empty-report)","decl":{"start":{"line":1,"column":38},"end":{"line":8,"column":-20}},"loc":{"start":{"line":1,"column":38},"end":{"line":8,"column":-20}},"line":1}},"f":{"0":1}}
,"/Users/ryan/boot_dev/ts_pokedex/src/pokeCache.ts": {"path":"/Users/ryan/boot_dev/ts_pokedex/src/pokeCache.ts","all":false,"statementMap":{"5":{"start":{"line":6,"column":0},"end":{"line":6,"column":20}},"6":{"start":{"line":7,"column":0},"end":{"line":7,"column":46}},"7":{"start":{"line":8,"column":0},"end":{"line":8,"column":58}},"8":{"start":{"line":9,"column":0},"end":{"line":9,"column":20}},"10":{"start":{"line":11,"column":0},"end":{"line":11,"column":31}},"11":{"start":{"line":12,"column":0},"end":{"line":12,"column":28}},"12":{"start":{"line":13,"column":0},"end":{"line":13,"column":26}},"13":{"start":{"line":14,"column":0},"end":{"line":14,"column":3}},"15":{"start":{"line":16,"column":0},"end":{"line":16,"column":37}},"16":{"start":{"line":17,"column":0},"end":{"line":17,"column":74}},"17":{"start":{"line":18,"column":0},"end":{"line":18,"column":3}},"19":{"start":{"line":20,"column":0},"end":{"line":20,"column":23}},"20":{"start":{"line":21,"column":0},"end":{"line":21,"column":37}},"21":{"start":{"line":22,"column":0},"end":{"line":22,"column":28}},"22":{"start":{"line":23,"column":0},"end":{"line":23,"column":26}},"23":{"start":{"line":24,"column":0},"end":{"line":24,"column":5}},"24":{"start":{"line":25,"column":0},"end":{"line":25,"column":21}},"25":{"start":{"line":26,"column":0},"end":{"line":26,"column":3}},"27":{"start":{"line":28,"column":0},"end":{"line":28,"column":11}},"28":{"start":{"line":29,"column":0},"end":{"line":29,"column":44}},"29":{"start":{"line":30,"column":0},"end":{"line":30,"column":61}},"30":{"start":{"line":31,"column":0},"end":{"line":31,"column":32}},"32":{"start":{"line":33,"column":0},"end":{"line":33,"column":7}},"33":{"start":{"line":34,"column":0},"end":{"line":34,"column":7}},"34":{"start":{"line":35,"column":0},"end":{"line":35,"column":3}},"36":{"start":{"line":37,"column":0},"end":{"line":37,"column":26}},"37":{"start":{"line":38,"column":0},"end":{"line":38,"column":75}},"38":{"start":{"line":39,"column":0},"end":{"line":39,"column":3}},"40":{"start":{"line":41,"column":0},"end":{"line":41,"column":24}},"41":{"start":{"line":42,"column":0},"end":{"line":42,"column":40}},"42":{"start":{"line":43,"column":0},"end":{"line":43,"column":37}},"43":{"start":{"line":44,"column":0},"end":{"line":44,"column":3}},"44":{"start":{"line":45,"column":0},"end":{"line":45,"column":1}}},"s":{"5":1,"6":1,"7":5,"8":5,"10":1,"11":5,"12":5,"13":5,"15":1,"16":2,"17":2,"19":1,"20":4,"21":4,"22":2,"23":2,"24":2,"25":4,"27":1,"28":2,"29":2,"30":2,"32":2,"33":2,"34":2,"36":1,"37":5,"38":5,"40":1,"41":2,"42":2,"43":2,"44":1},"branchMap":{"0":{"type":"branch","line":7,"loc":{"start":{"line":7,"column":2},"end":{"line":9,"column":20}},"locations":[{"start":{"line":7,"column":2},"end":{"line":9,"column":20}}]},"1":{"type":"branch","line":11,"loc":{"start":{"line":11,"column":2},"end":{"line":14,"column":3}},"locations":[{"start":{"line":11,"column":2},"end":{"line":14,"column":3}}]},"2":{"type":"branch","line":16,"loc":{"start":{"line":16,"column":2},"end":{"line":18,"column":3}},"locations":[{"start":{"line":16,"column":2},"end":{"line":18,"column":3}}]},"3":{"type":"branch","line":20,"loc":{"start":{"line":20,"column":2},"end":{"line":26,"column":3}},"locations":[{"start":{"line":20,"column":2},"end":{"line":26,"column":3}}]},"4":{"type":"branch","line":22,"loc":{"start":{"line":22,"column":27},"end":{"line":25,"column":21}},"locations":[{"start":{"line":22,"column":27},"end":{"line":25,"column":21}}]},"5":{"type":"branch","line":28,"loc":{"start":{"line":28,"column":2},"end":{"line":35,"column":3}},"locations":[{"start":{"line":28,"column":2},"end":{"line":35,"column":3}}]},"6":{"type":"branch","line":29,"loc":{"start":{"line":29,"column":24},"end":{"line":34,"column":5}},"locations":[{"start":{"line":29,"column":24},"end":{"line":34,"column":5}}]},"7":{"type":"branch","line":37,"loc":{"start":{"line":37,"column":2},"end":{"line":39,"column":3}},"locations":[{"start":{"line":37,"column":2},"end":{"line":39,"column":3}}]},"8":{"type":"branch","line":38,"loc":{"start":{"line":38,"column":39},"end":{"line":38,"column":59}},"locations":[{"start":{"line":38,"column":39},"end":{"line":38,"column":59}}]},"9":{"type":"branch","line":41,"loc":{"start":{"line":41,"column":2},"end":{"line":44,"column":3}},"locations":[{"start":{"line":41,"column":2},"end":{"line":44,"column":3}}]}},"b":{"0":[5],"1":[5],"2":[2],"3":[4],"4":[2],"5":[2],"6":[2],"7":[5],"8":[2],"9":[2]},"fnMap":{"0":{"name":"<instance_members_initializer>","decl":{"start":{"line":7,"column":2},"end":{"line":9,"column":20}},"loc":{"start":{"line":7,"column":2},"end":{"line":9,"column":20}},"line":7},"1":{"name":"Cache","decl":{"start":{"line":11,"column":2},"end":{"line":14,"column":3}},"loc":{"start":{"line":11,"column":2},"end":{"line":14,"column":3}},"line":11},"2":{"name":"add","decl":{"start":{"line":16,"column":2},"end":{"line":18,"column":3}},"loc":{"start":{"line":16,"column":2},"end":{"line":18,"column":3}},"line":16},"3":{"name":"get","decl":{"start":{"line":20,"column":2},"end":{"line":26,"column":3}},"loc":{"start":{"line":20,"column":2},"end":{"line":26,"column":3}},"line":20},"4":{"name":"#reap","decl":{"start":{"line":28,"column":2},"end":{"line":35,"column":3}},"loc":{"start":{"line":28,"column":2},"end":{"line":35,"column":3}},"line":28},"5":{"name":"#startReapLoop","decl":{"start":{"line":37,"column":2},"end":{"line":39,"column":3}},"loc":{"start":{"line":37,"column":2},"end":{"line":39,"column":3}},"line":37},"6":{"name":"stopReapLoop","decl":{"start":{"line":41,"column":2},"end":{"line":44,"column":3}},"loc":{"start":{"line":41,"column":2},"end":{"line":44,"column":3}},"line":41}},"f":{"0":5,"1":5,"2":2,"3":4,"4":2,"5":5,"6":2}}
,"/Users/ryan/boot_dev/ts_pokedex/src/pokeapi.ts": {"path":"/Users/ryan/boot_dev/ts_pokedex/src/pokeapi.ts","all":false,"statementMap":{"0":{"start":{"line":1,"column":0},"end":{"line":1,"column":39}},"2":{"start":{"line":3,"column":0},"end":{"line":3,"column":22}},"3":{"start":{"line":4,"column":0},"end":{"line":4,"column":64}},"4":{"start":{"line":5,"column":0},"end":{"line":5,"column":23}},"6":{"start":{"line":7,"column":0},"end":{"line":7,"column":17}},"7":{"start":{"line":8,"column":0},"end":{"line":8,"column":34}},"8":{"start":{"line":9,"column":0},"end":{"line":9,"column":3}},"10":{"start":{"line":11,"column":0},"end":{"line":11,"column":16}},"11":{"start":{"line":12,"column":0},"end":{"line":12,"column":30}},"12":{"start":{"line":13,"column":0},"end":{"line":13,"column":3}},"14":{"start":{"line":15,"column":0},"end":{"line":15,"column":69}},"15":{"start":{"line":16,"column":0},"end":{"line":16,"column":63}},"18":{"start":{"line":19,"column":0},"end":{"line":19,"column":57}},"19":{"start":{"line":20,"column":0},"end":{"line":20,"column":17}},"20":{"start":{"line":21,"column":0},"end":{"line":21,"column":20}},"21":{"start":{"line":22,"column":0},"end":{"line":22,"column":5}},"24":{"start":{"line":25,"column":0},"end":{"line":25,"column":49}},"25":{"start":{"line":26,"column":0},"end":{"line":26,"column":20}},"26":{"start":{"line":27,"column":0},"end":{"line":27,"column":7}},"27":{"start":{"line":28,"column":0},"end":{"line":28,"column":61}},"31":{"start":{"line":32,"column":0},"end":{"line":32,"column":30}},"32":{"start":{"line":33,"column":0},"end":{"line":33,"column":16}},"33":{"start":{"line":34,"column":0},"end":{"line":34,"column":3}},"34":{"start":{"line":35,"column":0},"end":{"line":35,"column":64}},"35":{"start":{"line":36,"column":0},"end":{"line":36,"column":67}},"38":{"start":{"line":39,"column":0},"end":{"line":39,"column":49}},"39":{"start":{"line":40,"column":0},"end":{"line":40,"column":17}},"40":{"start":{"line":41,"column":0},"end":{"line":41,"column":20}},"41":{"start":{"line":42,"column":0},"end":{"line":42,"column":5}},"43":{"start":{"line":44,"column":0},"end":{"line":44,"column":49}},"44":{"start":{"line":45,"column":0},"end":{"line":45,"column":20}},"45":{"start":{"line":46,"column":0},"end":{"line":46,"column":7}},"46":{"start":{"line":47,"column":0},"end":{"line":47,"column":53}},"49":{"start":{"line":50,"column":0},"end":{"line":50,"column":30}},"51":{"start":{"line":52,"column":0},"end":{"line":52,"column":16}},"52":{"start":{"line":53,"column":0},"end":{"line":53,"column":3}},"53":{"start":{"line":54,"column":0},"end":{"line":54,"column":1}}},"s":{"0":1,"2":1,"3":1,"4":1,"6":1,"7":3,"8":3,"10":1,"11":0,"12":0,"14":1,"15":0,"18":0,"19":0,"20":0,"21":0,"24":0,"25":0,"26":0,"27":0,"31":0,"32":0,"33":0,"34":1,"35":0,"38":0,"39":0,"40":0,"41":0,"43":0,"44":0,"45":0,"46":0,"49":0,"51":0,"52":0,"53":1},"branchMap":{"0":{"type":"branch","line":4,"loc":{"start":{"line":4,"column":2},"end":{"line":4,"column":64}},"locations":[{"start":{"line":4,"column":2},"end":{"line":4,"column":64}}]},"1":{"type":"branch","line":5,"loc":{"start":{"line":5,"column":10},"end":{"line":5,"column":23}},"locations":[{"start":{"line":5,"column":10},"end":{"line":5,"column":23}}]},"2":{"type":"branch","line":7,"loc":{"start":{"line":7,"column":2},"end":{"line":9,"column":3}},"locations":[{"start":{"line":7,"column":2},"end":{"line":9,"column":3}}]}},"b":{"0":[2],"1":[3],"2":[3]},"fnMap":{"0":{"name":"<static_initializer>","decl":{"start":{"line":4,"column":2},"end":{"line":4,"column":64}},"loc":{"start":{"line":4,"column":2},"end":{"line":4,"column":64}},"line":4},"1":{"name":"<instance_members_initializer>","decl":{"start":{"line":5,"column":10},"end":{"line":5,"column":23}},"loc":{"start":{"line":5,"column":10},"end":{"line":5,"column":23}},"line":5},"2":{"name":"PokeAPI","decl":{"start":{"line":7,"column":2},"end":{"line":9,"column":3}},"loc":{"start":{"line":7,"column":2},"end":{"line":9,"column":3}},"line":7},"3":{"name":"closeCache","decl":{"start":{"line":11,"column":2},"end":{"line":13,"column":3}},"loc":{"start":{"line":11,"column":2},"end":{"line":13,"column":3}},"line":11},"4":{"name":"fetchLocations","decl":{"start":{"line":15,"column":2},"end":{"line":34,"column":3}},"loc":{"start":{"line":15,"column":2},"end":{"line":34,"column":3}},"line":15},"5":{"name":"fetchLocation","decl":{"start":{"line":35,"column":2},"end":{"line":53,"column":3}},"loc":{"start":{"line":35,"column":2},"end":{"line":53,"column":3}},"line":35}},"f":{"0":2,"1":3,"2":3,"3":0,"4":0,"5":0}}
,"/Users/ryan/boot_dev/ts_pokedex/src/repl.ts": {"path":"/Users/ryan/boot_dev/ts_pokedex/src/repl.ts","all":false,"statementMap":{"0":{"start":{"line":1,"column":0},"end":{"line":1,"column":46}},"2":{"start":{"line":3,"column":0},"end":{"line":3,"column":53}},"4":{"start":{"line":5,"column":0},"end":{"line":5,"column":41}},"5":{"start":{"line":6,"column":0},"end":{"line":6,"column":70}},"6":{"start":{"line":7,"column":0},"end":{"line":7,"column":16}},"7":{"start":{"line":8,"column":0},"end":{"line":8,"column":1}},"10":{"start":{"line":11,"column":0},"end":{"line":11,"column":30}},"12":{"start":{"line":13,"column":0},"end":{"line":13,"column":29}},"13":{"start":{"line":14,"column":0},"end":{"line":14,"column":24}},"14":{"start":{"line":15,"column":0},"end":{"line":15,"column":38}},"15":{"start":{"line":16,"column":0},"end":{"line":16,"column":1}},"17":{"start":{"line":18,"column":0},"end":{"line":18,"column":42}},"20":{"start":{"line":21,"column":0},"end":{"line":21,"column":15}},"22":{"start":{"line":23,"column":0},"end":{"line":23,"column":26}},"23":{"start":{"line":24,"column":0},"end":{"line":24,"column":3}},"24":{"start":{"line":25,"column":0},"end":{"line":25,"column":41}},"25":{"start":{"line":26,"column":0},"end":{"line":26,"column":38}},"27":{"start":{"line":28,"column":0},"end":{"line":28,"column":40}},"30":{"start":{"line":31,"column":0},"end":{"line":31,"column":9}},"31":{"start":{"line":32,"column":0},"end":{"line":32,"column":64}},"32":{"start":{"line":33,"column":0},"end":{"line":33,"column":19}},"33":{"start":{"line":34,"column":0},"end":{"line":34,"column":25}},"34":{"start":{"line":35,"column":0},"end":{"line":35,"column":5}},"35":{"start":{"line":36,"column":0},"end":{"line":36,"column":10}},"36":{"start":{"line":37,"column":0},"end":{"line":37,"column":35}},"37":{"start":{"line":38,"column":0},"end":{"line":38,"column":3}},"38":{"start":{"line":39,"column":0},"end":{"line":39,"column":24}},"39":{"start":{"line":40,"column":0},"end":{"line":40,"column":1}}},"s":{"0":1,"2":1,"4":3,"5":3,"6":3,"7":3,"10":1,"12":1,"13":0,"14":0,"15":0,"17":0,"20":0,"22":0,"23":0,"24":0,"25":0,"27":0,"30":0,"31":0,"32":0,"33":0,"34":0,"35":0,"36":0,"37":0,"38":0,"39":0},"branchMap":{"0":{"type":"branch","line":3,"loc":{"start":{"line":3,"column":7},"end":{"line":8,"column":1}},"locations":[{"start":{"line":3,"column":7},"end":{"line":8,"column":1}}]},"1":{"type":"branch","line":6,"loc":{"start":{"line":6,"column":56},"end":{"line":6,"column":68}},"locations":[{"start":{"line":6,"column":56},"end":{"line":6,"column":68}}]}},"b":{"0":[3],"1":[24]},"fnMap":{"0":{"name":"cleanInput","decl":{"start":{"line":3,"column":7},"end":{"line":8,"column":1}},"loc":{"start":{"line":3,"column":7},"end":{"line":8,"column":1}},"line":3},"1":{"name":"startREPL","decl":{"start":{"line":13,"column":7},"end":{"line":16,"column":1}},"loc":{"start":{"line":13,"column":7},"end":{"line":16,"column":1}},"line":13},"2":{"name":"handleLine","decl":{"start":{"line":18,"column":0},"end":{"line":40,"column":1}},"loc":{"start":{"line":18,"column":0},"end":{"line":40,"column":1}},"line":18}},"f":{"0":3,"1":0,"2":0}}
,"/Users/ryan/boot_dev/ts_pokedex/src/state.ts": {"path":"/Users/ryan/boot_dev/ts_pokedex/src/state.ts","all":false,"statementMap":{"0":{"start":{"line":1,"column":0},"end":{"line":1,"column":59}},"1":{"start":{"line":2,"column":0},"end":{"line":2,"column":44}},"2":{"start":{"line":3,"column":0},"end":{"line":3,"column":39}},"18":{"start":{"line":19,"column":0},"end":{"line":19,"column":36}},"19":{"start":{"line":20,"column":0},"end":{"line":20,"column":30}},"20":{"start":{"line":21,"column":0},"end":{"line":21,"column":25}},"21":{"start":{"line":22,"column":0},"end":{"line":22,"column":27}},"22":{"start":{"line":23,"column":0},"end":{"line":23,"column":27}},"23":{"start":{"line":24,"column":0},"end":{"line":24,"column":5}},"25":{"start":{"line":26,"column":0},"end":{"line":26,"column":33}},"26":{"start":{"line":27,"column":0},"end":{"line":27,"column":32}},"28":{"start":{"line":29,"column":0},"end":{"line":29,"column":10}},"29":{"start":{"line":30,"column":0},"end":{"line":30,"column":7}},"30":{"start":{"line":31,"column":0},"end":{"line":31,"column":13}},"31":{"start":{"line":32,"column":0},"end":{"line":32,"column":12}},"32":{"start":{"line":33,"column":0},"end":{"line":33,"column":16}},"33":{"start":{"line":34,"column":0},"end":{"line":34,"column":16}},"34":{"start":{"line":35,"column":0},"end":{"line":35,"column":4}},"35":{"start":{"line":36,"column":0},"end":{"line":36,"column":1}}},"s":{"0":1,"1":1,"2":1,"18":1,"19":1,"20":1,"21":1,"22":1,"23":1,"25":1,"26":1,"28":1,"29":1,"30":1,"31":1,"32":1,"33":1,"34":1,"35":1},"branchMap":{"0":{"type":"branch","line":19,"loc":{"start":{"line":19,"column":7},"end":{"line":36,"column":1}},"locations":[{"start":{"line":19,"column":7},"end":{"line":36,"column":1}}]}},"b":{"0":[1]},"fnMap":{"0":{"name":"initState","decl":{"start":{"line":19,"column":7},"end":{"line":36,"column":1}},"loc":{"start":{"line":19,"column":7},"end":{"line":36,"column":1}},"line":19}},"f":{"0":1}}
}
